  mandelbrot.cpp
C:\Users\cvdon\OneDrive\Documents\GitHub\cpp\DS-and-S---Sem2\mandelbrot\mandelbrot\mandelbrot\mandelbrot.cpp(83,18): warning C4244: 'initializing': conversion from 'float' to 'unsigned int', possible loss of data
C:\Users\cvdon\OneDrive\Documents\GitHub\cpp\DS-and-S---Sem2\mandelbrot\mandelbrot\mandelbrot\mandelbrot.cpp(209,70): warning C4305: 'argument': truncation from 'double' to 'float'
C:\Program Files\Microsoft Visual Studio\2022\Community\VC\Tools\MSVC\14.32.31326\include\type_traits(1488,98): warning C4244: 'argument': conversion from 'unsigned int' to 'float', possible loss of data
C:\Program Files\Microsoft Visual Studio\2022\Community\VC\Tools\MSVC\14.32.31326\include\thread(55): message : see reference to function template instantiation 'void std::invoke<void(__cdecl *)(float,float,float,float,float,float),float,float,float,float,unsigned int,unsigned int>(_Callable &&,_Ty1 &&,float &&,float &&,float &&,unsigned int &&,unsigned int &&) noexcept(false)' being compiled
          with
          [
              _Callable=void (__cdecl *)(float,float,float,float,float,float),
              _Ty1=float
          ]
C:\Program Files\Microsoft Visual Studio\2022\Community\VC\Tools\MSVC\14.32.31326\include\thread(62): message : see reference to function template instantiation 'unsigned int std::thread::_Invoke<_Tuple,0,1,2,3,4,5,6>(void *) noexcept' being compiled
          with
          [
              _Tuple=_Tuple
          ]
C:\Program Files\Microsoft Visual Studio\2022\Community\VC\Tools\MSVC\14.32.31326\include\thread(69): message : see reference to function template instantiation 'unsigned int (__cdecl *std::thread::_Get_invoke<_Tuple,0,1,2,3,4,5,6>(std::integer_sequence<size_t,0,1,2,3,4,5,6>) noexcept)(void *)' being compiled
C:\Program Files\Microsoft Visual Studio\2022\Community\VC\Tools\MSVC\14.32.31326\include\thread(90): message : see reference to function template instantiation 'void std::thread::_Start<void(__cdecl *)(float,float,float,float,float,float),float&,float&,float&,float&,unsigned int&,_Ty>(_Fn &&,float &,float &,float &,float &,unsigned int &,_Ty &&)' being compiled
          with
          [
              _Ty=unsigned int,
              _Fn=void (__cdecl *)(float,float,float,float,float,float)
          ]
C:\Program Files\Microsoft Visual Studio\2022\Community\VC\Tools\MSVC\14.32.31326\include\xmemory(680): message : see reference to function template instantiation 'std::thread::thread<void(__cdecl *)(float,float,float,float,float,float),float&,float&,float&,float&,unsigned int&,_Ty,0>(_Fn &&,float &,float &,float &,float &,unsigned int &,_Ty &&)' being compiled
          with
          [
              _Ty=unsigned int,
              _Fn=void (__cdecl *)(float,float,float,float,float,float)
          ]
C:\Program Files\Microsoft Visual Studio\2022\Community\VC\Tools\MSVC\14.32.31326\include\vector(824): message : see reference to function template instantiation 'void std::_Default_allocator_traits<_Alloc>::construct<_Ty,void(__cdecl *)(float,float,float,float,float,float),float&,float&,float&,float&,unsigned int&,unsigned int>(_Alloc &,_Objty *const ,void (__cdecl *&&)(float,float,float,float,float,float),float &,float &,float &,float &,unsigned int &,unsigned int &&)' being compiled
          with
          [
              _Alloc=std::allocator<std::thread>,
              _Ty=std::thread,
              _Objty=std::thread
          ]
C:\Program Files\Microsoft Visual Studio\2022\Community\VC\Tools\MSVC\14.32.31326\include\vector(824): message : see reference to function template instantiation 'void std::_Default_allocator_traits<_Alloc>::construct<_Ty,void(__cdecl *)(float,float,float,float,float,float),float&,float&,float&,float&,unsigned int&,unsigned int>(_Alloc &,_Objty *const ,void (__cdecl *&&)(float,float,float,float,float,float),float &,float &,float &,float &,unsigned int &,unsigned int &&)' being compiled
          with
          [
              _Alloc=std::allocator<std::thread>,
              _Ty=std::thread,
              _Objty=std::thread
          ]
C:\Program Files\Microsoft Visual Studio\2022\Community\VC\Tools\MSVC\14.32.31326\include\vector(806): message : see reference to function template instantiation '_Ty &std::vector<_Ty,std::allocator<_Ty>>::_Emplace_back_with_unused_capacity<void(__cdecl *)(float,float,float,float,float,float),float&,float&,float&,float&,unsigned int&,unsigned int>(void (__cdecl *&&)(float,float,float,float,float,float),float &,float &,float &,float &,unsigned int &,unsigned int &&)' being compiled
          with
          [
              _Ty=std::thread
          ]
C:\Program Files\Microsoft Visual Studio\2022\Community\VC\Tools\MSVC\14.32.31326\include\vector(806): message : see reference to function template instantiation '_Ty &std::vector<_Ty,std::allocator<_Ty>>::_Emplace_back_with_unused_capacity<void(__cdecl *)(float,float,float,float,float,float),float&,float&,float&,float&,unsigned int&,unsigned int>(void (__cdecl *&&)(float,float,float,float,float,float),float &,float &,float &,float &,unsigned int &,unsigned int &&)' being compiled
          with
          [
              _Ty=std::thread
          ]
C:\Program Files\Microsoft Visual Studio\2022\Community\VC\Tools\MSVC\14.32.31326\include\vector(888): message : see reference to function template instantiation '_Ty &std::vector<_Ty,std::allocator<_Ty>>::_Emplace_one_at_back<void(__cdecl *)(float,float,float,float,float,float),float&,float&,float&,float&,unsigned int&,unsigned int>(void (__cdecl *&&)(float,float,float,float,float,float),float &,float &,float &,float &,unsigned int &,unsigned int &&)' being compiled
          with
          [
              _Ty=std::thread
          ]
C:\Program Files\Microsoft Visual Studio\2022\Community\VC\Tools\MSVC\14.32.31326\include\vector(888): message : see reference to function template instantiation '_Ty &std::vector<_Ty,std::allocator<_Ty>>::_Emplace_one_at_back<void(__cdecl *)(float,float,float,float,float,float),float&,float&,float&,float&,unsigned int&,unsigned int>(void (__cdecl *&&)(float,float,float,float,float,float),float &,float &,float &,float &,unsigned int &,unsigned int &&)' being compiled
          with
          [
              _Ty=std::thread
          ]
C:\Users\cvdon\OneDrive\Documents\GitHub\cpp\DS-and-S---Sem2\mandelbrot\mandelbrot\mandelbrot\mandelbrot.cpp(184): message : see reference to function template instantiation 'void std::vector<std::thread,std::allocator<std::thread>>::emplace_back<void(__cdecl *)(float,float,float,float,float,float),float&,float&,float&,float&,unsigned int&,unsigned int>(void (__cdecl *&&)(float,float,float,float,float,float),float &,float &,float &,float &,unsigned int &,unsigned int &&)' being compiled
  Generating code
  5 of 265 functions ( 1.9%) were compiled, the rest were copied from previous compilation.
    0 functions were new in current compilation
    5 functions had inline decision re-evaluated but remain unchanged
  Finished generating code
  mandelbrot.vcxproj -> C:\Users\cvdon\OneDrive\Documents\GitHub\cpp\DS-and-S---Sem2\mandelbrot\mandelbrot\x64\Release\mandelbrot.exe
